2025-02-17 18:08:55,912 - masks - INFO - Программа get_mask_card_number начала работу
2025-02-17 18:08:55,913 - masks - INFO - Идет проверка на правильность карты
2025-02-17 18:08:55,913 - masks - INFO - Программа get_mask_card_number проверила правильность ввода номера карты
2025-02-17 18:08:55,913 - masks - INFO - Программа get_mask_card_number начала работу
2025-02-17 18:08:55,913 - masks - INFO - Идет проверка на правильность карты
2025-02-17 18:08:55,913 - masks - ERROR - Был введён не правильный номер карты
2025-02-17 18:08:55,913 - masks - INFO - Программа get_mask_card_number начала работу
2025-02-17 18:08:55,913 - masks - INFO - Идет проверка на правильность карты
2025-02-17 18:08:55,913 - masks - ERROR - Был введён не правильное количество цифр номера карты
2025-02-17 18:08:55,914 - masks - INFO - Программа get_mask_account начала работу
2025-02-17 18:08:55,914 - masks - INFO - Идет проверка на правильность карты
2025-02-17 18:08:55,914 - masks - INFO - Программа get_mask_account проверила правильность ввода номера счёта
2025-02-17 18:08:55,914 - masks - INFO - Программа get_mask_account начала работу
2025-02-17 18:08:55,914 - masks - INFO - Идет проверка на правильность карты
2025-02-17 18:08:55,914 - masks - ERROR - Был введён не правильный номер счёта
2025-02-17 18:08:55,914 - masks - INFO - Программа get_mask_account начала работу
2025-02-17 18:08:55,914 - masks - INFO - Идет проверка на правильность карты
2025-02-17 18:08:55,914 - masks - ERROR - Был введён не правильный номер счёта
2025-02-17 18:08:55,914 - masks - INFO - Программа get_mask_account начала работу
2025-02-17 18:08:55,914 - masks - INFO - Идет проверка на правильность карты
2025-02-17 18:08:55,914 - masks - ERROR - Был введён не правильный номер счёта
2025-02-17 18:08:55,917 - masks - INFO - Программа get_mask_card_number начала работу
2025-02-17 18:08:55,918 - masks - INFO - Идет проверка на правильность карты
2025-02-17 18:08:55,918 - masks - INFO - Программа get_mask_card_number проверила правильность ввода номера карты
2025-02-17 18:08:55,918 - masks - INFO - Программа get_mask_card_number начала работу
2025-02-17 18:08:55,918 - masks - INFO - Идет проверка на правильность карты
2025-02-17 18:08:55,918 - masks - ERROR - Был введён не правильное количество цифр номера карты
2025-02-17 18:08:55,918 - masks - INFO - Программа get_mask_card_number начала работу
2025-02-17 18:08:55,918 - masks - INFO - Идет проверка на правильность карты
2025-02-17 18:08:55,918 - masks - ERROR - Был введён не правильное количество цифр номера карты
2025-02-17 18:08:55,918 - masks - INFO - Программа get_mask_account начала работу
2025-02-17 18:08:55,918 - masks - INFO - Идет проверка на правильность карты
2025-02-17 18:08:55,918 - masks - INFO - Программа get_mask_account проверила правильность ввода номера счёта
2025-02-17 18:08:55,919 - masks - INFO - Программа get_mask_card_number начала работу
2025-02-17 18:08:55,919 - masks - INFO - Идет проверка на правильность карты
2025-02-17 18:08:55,919 - masks - ERROR - Был введён не правильное количество цифр номера карты
2025-02-17 18:08:55,919 - masks - INFO - Программа get_mask_card_number начала работу
2025-02-17 18:08:55,919 - masks - INFO - Идет проверка на правильность карты
2025-02-17 18:08:55,919 - masks - ERROR - Был введён не правильное количество цифр номера карты
2025-02-17 18:08:55,919 - masks - INFO - Программа get_mask_card_number начала работу
2025-02-17 18:08:55,920 - masks - INFO - Идет проверка на правильность карты
2025-02-17 18:08:55,920 - masks - INFO - Программа get_mask_card_number проверила правильность ввода номера карты
2025-02-17 18:08:55,920 - masks - INFO - Программа get_mask_card_number начала работу
2025-02-17 18:08:55,920 - masks - INFO - Идет проверка на правильность карты
2025-02-17 18:08:55,920 - masks - ERROR - Был введён не правильное количество цифр номера карты
2025-02-17 18:08:55,920 - masks - INFO - Программа get_mask_card_number начала работу
2025-02-17 18:08:55,920 - masks - INFO - Идет проверка на правильность карты
2025-02-17 18:08:55,920 - masks - ERROR - Был введён не правильное количество цифр номера карты
2025-02-17 18:08:55,920 - masks - INFO - Программа get_mask_card_number начала работу
2025-02-17 18:08:55,921 - masks - INFO - Идет проверка на правильность карты
2025-02-17 18:08:55,921 - masks - INFO - Программа get_mask_card_number проверила правильность ввода номера карты
2025-02-17 18:08:55,921 - masks - INFO - Программа get_mask_card_number начала работу
2025-02-17 18:08:55,921 - masks - INFO - Идет проверка на правильность карты
2025-02-17 18:08:55,921 - masks - ERROR - Был введён не правильное количество цифр номера карты
2025-02-17 18:08:55,921 - masks - INFO - Программа get_mask_card_number начала работу
2025-02-17 18:08:55,921 - masks - INFO - Идет проверка на правильность карты
2025-02-17 18:08:55,921 - masks - ERROR - Был введён не правильное количество цифр номера карты
